<?xml version="1.0" encoding="utf-8"?><testsuites name="pytest tests"><testsuite name="pytest" errors="0" failures="0" skipped="0" tests="36" time="6.456" timestamp="2026-05-12T10:23:03.632625+00:00" hostname="agent-env-e07ae138-4e3c-47b7-92d6-5844d6e0f8aa"><testcase classname="tests.test_new_features.TestPatchAuthMe" name="test_patch_valid_full_name" time="0.741" /><testcase classname="tests.test_new_features.TestPatchAuthMe" name="test_patch_short_name_rejected" time="0.189" /><testcase classname="tests.test_new_features.TestPatchAuthMe" name="test_patch_empty_body_returns_user_unchanged" time="0.250" /><testcase classname="tests.test_new_features.TestPatchAuthMe" name="test_patch_no_auth_returns_401" time="0.183" /><testcase classname="tests.test_new_features.TestLabsAttemptsAndProgress" name="test_initial_state_zero_attempts_zero_progress" time="0.137" /><testcase classname="tests.test_new_features.TestLabsAttemptsAndProgress" name="test_two_wrong_flags_yields_attempts_2_progress_067" time="0.457" /><testcase classname="tests.test_new_features.TestLabsAttemptsAndProgress" name="test_correct_flag_yields_progress_1_and_completed_true" time="0.307" /><testcase classname="tests.test_new_features.TestSeededStudentNameCleanup" name="test_restore_demo_student_name" time="0.457" /><testcase classname="tests.test_cybershield_api.TestHealth" name="test_root" time="0.100" /><testcase classname="tests.test_cybershield_api.TestAuth" name="test_register_returns_token_and_user" time="0.318" /><testcase classname="tests.test_cybershield_api.TestAuth" name="test_login_student_success" time="0.266" /><testcase classname="tests.test_cybershield_api.TestAuth" name="test_login_admin_success" time="0.267" /><testcase classname="tests.test_cybershield_api.TestAuth" name="test_login_wrong_password" time="0.267" /><testcase classname="tests.test_cybershield_api.TestAuth" name="test_me_requires_token" time="0.046" /><testcase classname="tests.test_cybershield_api.TestAuth" name="test_me_with_token" time="0.318" /><testcase classname="tests.test_cybershield_api.TestAuth" name="test_biometric_toggle" time="0.142" /><testcase classname="tests.test_cybershield_api.TestLabs" name="test_list_labs_has_six" time="0.046" /><testcase classname="tests.test_cybershield_api.TestLabs" name="test_pro_labs_locked_for_student" time="0.119" /><testcase classname="tests.test_cybershield_api.TestLabs" name="test_get_lab_detail_excludes_flag_hash" time="0.049" /><testcase classname="tests.test_cybershield_api.TestLabs" name="test_start_lab_student_tier" time="0.097" /><testcase classname="tests.test_cybershield_api.TestLabs" name="test_start_pro_lab_as_student_forbidden" time="0.050" /><testcase classname="tests.test_cybershield_api.TestLabs" name="test_stop_lab" time="0.089" /><testcase classname="tests.test_cybershield_api.TestLabs" name="test_reset_lab" time="0.047" /><testcase classname="tests.test_cybershield_api.TestLabs" name="test_submit_correct_flag" time="0.049" /><testcase classname="tests.test_cybershield_api.TestLabs" name="test_submit_wrong_flag" time="0.047" /><testcase classname="tests.test_cybershield_api.TestMetrics" name="test_server_metrics" time="0.050" /><testcase classname="tests.test_cybershield_api.TestAnalytics" name="test_analytics_structure" time="0.050" /><testcase classname="tests.test_cybershield_api.TestPayments" name="test_packages" time="0.045" /><testcase classname="tests.test_cybershield_api.TestPayments" name="test_checkout_creates_session" time="0.737" /><testcase classname="tests.test_cybershield_api.TestPayments" name="test_checkout_unknown_package_400" time="0.044" /><testcase classname="tests.test_cybershield_api.TestPayments" name="test_payment_status_does_not_crash" time="0.219" /><testcase classname="tests.test_cybershield_api.TestAuthEnforcement" name="test_protected_endpoints_reject_anon[/api/auth/me-GET]" time="0.045" /><testcase classname="tests.test_cybershield_api.TestAuthEnforcement" name="test_protected_endpoints_reject_anon[/api/labs-GET]" time="0.043" /><testcase classname="tests.test_cybershield_api.TestAuthEnforcement" name="test_protected_endpoints_reject_anon[/api/metrics/server-GET]" time="0.043" /><testcase classname="tests.test_cybershield_api.TestAuthEnforcement" name="test_protected_endpoints_reject_anon[/api/analytics-GET]" time="0.043" /><testcase classname="tests.test_cybershield_api.TestAuthEnforcement" name="test_protected_endpoints_reject_anon[/api/payments/packages-GET]" time="0.044" /></testsuite></testsuites>