<?xml version="1.0" encoding="utf-8"?><testsuites name="pytest tests"><testsuite name="pytest" errors="0" failures="1" skipped="0" tests="28" time="3.823" timestamp="2026-05-12T09:44:03.271787+00:00" hostname="agent-env-e07ae138-4e3c-47b7-92d6-5844d6e0f8aa"><testcase classname="tests.test_cybershield_api.TestHealth" name="test_root" time="0.201" /><testcase classname="tests.test_cybershield_api.TestAuth" name="test_register_returns_token_and_user" time="0.317" /><testcase classname="tests.test_cybershield_api.TestAuth" name="test_login_student_success" time="0.266" /><testcase classname="tests.test_cybershield_api.TestAuth" name="test_login_admin_success" time="0.266" /><testcase classname="tests.test_cybershield_api.TestAuth" name="test_login_wrong_password" time="0.272" /><testcase classname="tests.test_cybershield_api.TestAuth" name="test_me_requires_token" time="0.041" /><testcase classname="tests.test_cybershield_api.TestAuth" name="test_me_with_token" time="0.355" /><testcase classname="tests.test_cybershield_api.TestAuth" name="test_biometric_toggle" time="0.138" /><testcase classname="tests.test_cybershield_api.TestLabs" name="test_list_labs_has_six" time="0.047" /><testcase classname="tests.test_cybershield_api.TestLabs" name="test_pro_labs_locked_for_student" time="0.138" /><testcase classname="tests.test_cybershield_api.TestLabs" name="test_get_lab_detail_excludes_flag_hash" time="0.049" /><testcase classname="tests.test_cybershield_api.TestLabs" name="test_start_lab_student_tier" time="0.091" /><testcase classname="tests.test_cybershield_api.TestLabs" name="test_start_pro_lab_as_student_forbidden" time="0.047" /><testcase classname="tests.test_cybershield_api.TestLabs" name="test_stop_lab" time="0.086" /><testcase classname="tests.test_cybershield_api.TestLabs" name="test_reset_lab" time="0.047" /><testcase classname="tests.test_cybershield_api.TestLabs" name="test_submit_correct_flag" time="0.045" /><testcase classname="tests.test_cybershield_api.TestLabs" name="test_submit_wrong_flag" time="0.046" /><testcase classname="tests.test_cybershield_api.TestMetrics" name="test_server_metrics" time="0.047" /><testcase classname="tests.test_cybershield_api.TestAnalytics" name="test_analytics_structure" time="0.047" /><testcase classname="tests.test_cybershield_api.TestPayments" name="test_packages" time="0.043" /><testcase classname="tests.test_cybershield_api.TestPayments" name="test_checkout_creates_session" time="0.642" /><testcase classname="tests.test_cybershield_api.TestPayments" name="test_checkout_unknown_package_400" time="0.046" /><testcase classname="tests.test_cybershield_api.TestPayments" name="test_payment_status_does_not_crash" time="0.248"><failure message="AssertionError: Internal Server Error&#10;assert 500 == 200&#10; +  where 500 = &lt;Response [500]&gt;.status_code">tests/test_cybershield_api.py:304: in test_payment_status_does_not_crash
    assert r.status_code == 200, r.text
E   AssertionError: Internal Server Error
E   assert 500 == 200
E    +  where 500 = &lt;Response [500]&gt;.status_code</failure></testcase><testcase classname="tests.test_cybershield_api.TestAuthEnforcement" name="test_protected_endpoints_reject_anon[/api/auth/me-GET]" time="0.041" /><testcase classname="tests.test_cybershield_api.TestAuthEnforcement" name="test_protected_endpoints_reject_anon[/api/labs-GET]" time="0.044" /><testcase classname="tests.test_cybershield_api.TestAuthEnforcement" name="test_protected_endpoints_reject_anon[/api/metrics/server-GET]" time="0.043" /><testcase classname="tests.test_cybershield_api.TestAuthEnforcement" name="test_protected_endpoints_reject_anon[/api/analytics-GET]" time="0.046" /><testcase classname="tests.test_cybershield_api.TestAuthEnforcement" name="test_protected_endpoints_reject_anon[/api/payments/packages-GET]" time="0.045" /></testsuite></testsuites>